<?xml version="1.0" encoding="UTF-8"?>
<!-- Generated by org.testng.reporters.JUnitReportReporter -->
<testsuite skipped="0" hostname="DESKTOP-K66PPKL" name="com.example.springtestdemo.user.UserMapperTest" tests="1" failures="0" timestamp="09 四月 2019 13:30:35 GMT" time="0.457" errors="0">
  <testcase name="test" time="0.457" classname="com.example.springtestdemo.user.UserMapperTest"/>
</testsuite> <!-- com.example.springtestdemo.user.UserMapperTest -->
