<?xml version="1.0" encoding="UTF-8"?>
<!-- Generated by org.testng.reporters.JUnitReportReporter -->
<testsuite skipped="0" hostname="DESKTOP-K66PPKL" name="com.example.springtestdemo.user.UserControllerTest" tests="1" failures="0" timestamp="11 五月 2019 04:38:10 GMT" time="0.674" errors="0">
  <testcase name="test" time="0.674" classname="com.example.springtestdemo.user.UserControllerTest"/>
</testsuite> <!-- com.example.springtestdemo.user.UserControllerTest -->
